BIREME/SPD                      Data Base Statistical Analisys
                  Tag Distribution Analisys

--------------------------------------------------------------

 Data Base name : 3166             Analisys Date : 03/08/2004
  Total Records : 239

--------------------------------------------------------------
 Number Presence Percent  Occur.          Length        Total
                   (%)                  min    max      Chars
--------------------------------------------------------------

     1      238    99.6      238          3     54       2457
     2      239   100.0      239          4     44       2541
     3      226    94.6      226          4     38       2022
     4      237    99.2      237          4     43       2606
    10       34    14.2       37   R      6     37        643
    11       81    33.9       81         14     30       1668
    12       22     9.2       22          4     16        163
    13        1     0.4       27   R     11     50        840
    14        1     0.4       77   R      8     37       1217
    15        1     0.4        1         30     30         30
    20       19     7.9       19          6     41        396
    21        3     1.3        3         16     22         56
    22        4     1.7        4          4     10         24
    30       17     7.1       18   R     10     37        289
    31        7     2.9        7         14     22        127
    32        8     3.3        8          5     12         68
    40       31    13.0       34   R      6     42        695
    41        1     0.4        1         14     14         14
    99        6     2.5        6          4     10         51
   100       10     4.2       10         21     30        254
   101      239   100.0      239          3      3        717
   102      239   100.0      239          2      2        478
   103      239   100.0      239          3      3        717
   110       23     9.6       23          3      3         69
   111        1     0.4        1          3      3          3
   611      239   100.0      239         17     17       4063
   612      236    98.7      236         17     17       4012



BIREME/SPD                      Data Base Statistical Analisys
            ASCII Character Distribution Analisys

--------------------------------------------------------------

 Data Base name : 3166             Analisys Date : 03/08/2004
  Total Records : 239

--------------------------------------------------------------
  Char               Occurences 
HEX
--------------------------------

 20                         727
 27                          14
 28                          21
 29                          21
 2c                          82
 2d                          53
 2e                           4
 2f                           7
 30                        1531
 31                          59
 32                        1040
 33                         533
 34                         577
 35                          60
 36                         566
 37                          56
 38                          85
 39                          26
 3a                           1
 41                         199
 42                         121
 43                         175
 44                          44
 45                          58
 46                          71
 47                          93
 48                          38
 49                         156
 4a                          27
 4b                          32
 4c                          79
 4d                         159
 4e                          85
 4f                          26
 50                         163
 51                           6
 52                         119
 53                         244
 54                          99
 55                          40
 56                          41
 57                           9
 58                           1
 59                          12
 5a                          14
 5e                         811
 61                        2179
 62                         302
 63                         432
 64                         533
 65                        1602
 66                         656
 67                         321
 68                         230
 69                        1260
 6a                         520
 6b                         110
 6c                        1237
 6d                         446
 6e                        1566
 6f                        1398
 70                         716
 71                         104
 72                         921
 73                        1302
 74                         539
 75                         650
 76                         147
 77                          58
 78                          26
 79                         102
 7a                          84
 c1                          11
 c9                          11
 cd                           2
 ce                          33
 e1                          24
 e2                          24
 e3                          36
 e7                          16
 e8                           7
 e9                         110
 ea                          24
 eb                           1
 ed                          31
 ef                          12
 f1                           9
 f3                          10
 f4                          10
 f5                           1
 fa                          22
